<?xml version="1.0" encoding="UTF-8"?>
<!-- Generated by org.testng.reporters.JUnitReportReporter -->
<testsuite hostname="SE140281" failures="0" tests="5" name="com.khangnt.LoginTestNG.demo" time="0.007" errors="0" timestamp="2021-03-11T18:59:45 ICT" skipped="0">
  <testcase classname="com.khangnt.LoginTestNG.demo" name="test" time="0.004"/>
  <system-out/>
  <testcase classname="com.khangnt.LoginTestNG.demo" name="test" time="0.001"/>
  <system-out/>
  <testcase classname="com.khangnt.LoginTestNG.demo" name="test1" time="0.001"/>
  <system-out/>
  <testcase classname="com.khangnt.LoginTestNG.demo" name="test1" time="0.000"/>
  <system-out/>
  <testcase classname="com.khangnt.LoginTestNG.demo" name="test1" time="0.001"/>
  <system-out/>
</testsuite> <!-- com.khangnt.LoginTestNG.demo -->
